<?xml version="1.0" encoding="UTF-8"?>
<!-- Generated by org.testng.reporters.JUnitReportReporter -->
<testsuite skipped="0" hostname="VIVEK" name="basicAnnotations.test1" tests="2" failures="0" timestamp="03 Mar 2019 07:12:22 GMT" time="0.017" errors="0">
  <testcase name="test2" time="0.000" classname="basicAnnotations.test1"/>
  <testcase name="test12" time="0.017" classname="basicAnnotations.test1"/>
</testsuite> <!-- basicAnnotations.test1 -->
